JVM info: Microsoft - 21.0.7 - 21.0.7+6-LTS
java.net.preferIPv4Stack=true
Found java version 21.0.7
Installing server to current directory
MESSAGE: Data kindly mirrored by CreeperHost at https://creeperhost.net/
MESSAGE: Considering library net.minecraftforge:forge:1.7.10-10.13.4.1614-1.7.10: Not Downloading {Wrong Side}
MESSAGE: Considering library net.minecraft:launchwrapper:1.12
MESSAGE: Considering library org.ow2.asm:asm-all:5.0.3
MESSAGE: Considering library com.typesafe.akka:akka-actor_2.11:2.3.3
MESSAGE: Considering library com.typesafe:config:1.2.1
MESSAGE: Considering library org.scala-lang:scala-actors-migration_2.11:1.1.0
MESSAGE: Considering library org.scala-lang:scala-compiler:2.11.1
MESSAGE: Considering library org.scala-lang.plugins:scala-continuations-library_2.11:1.0.2
MESSAGE: Considering library org.scala-lang.plugins:scala-continuations-plugin_2.11.1:1.0.2
MESSAGE: Considering library org.scala-lang:scala-library:2.11.1
MESSAGE: Considering library org.scala-lang:scala-parser-combinators_2.11:1.0.1
MESSAGE: Considering library org.scala-lang:scala-reflect:2.11.1
MESSAGE: Considering library org.scala-lang:scala-swing_2.11:1.0.1
MESSAGE: Considering library org.scala-lang:scala-xml_2.11:1.0.2
MESSAGE: Considering library lzma:lzma:0.0.1
MESSAGE: Considering library net.sf.jopt-simple:jopt-simple:4.5
MESSAGE: Considering library com.google.guava:guava:17.0
MESSAGE: Considering library org.apache.commons:commons-lang3:3.3.2
Extracting: /forge-1.7.10-10.13.4.1614-1.7.10-universal.jar
To:          /workspaces/server-2/servidor_minecraft/./forge-1.7.10-10.13.4.1614-1.7.10-universal.jar
The server installed successfully, you should now be able to run the file forge-1.7.10-10.13.4.1614-1.7.10-universal.jar
You can delete this installer file now if you wish
